-------------------------------------------------------------------------------
Test set: com.example.retry.RetryPolicyTest
-------------------------------------------------------------------------------
Tests run: 1, Failures: 1, Errors: 0, Skipped: 0, Time elapsed: 0.337 s <<< FAILURE! -- in com.example.retry.RetryPolicyTest
com.example.retry.RetryPolicyTest.exponentialBackoffStartsAtBaseDelay -- Time elapsed: 0.153 s <<< FAILURE!
org.opentest4j.AssertionFailedError: expected: <1000> but was: <2000>
	at org.junit.jupiter.api.AssertionFailureBuilder.build(AssertionFailureBuilder.java:151)
	at org.junit.jupiter.api.AssertionFailureBuilder.buildAndThrow(AssertionFailureBuilder.java:132)
	at org.junit.jupiter.api.AssertEquals.failNotEqual(AssertEquals.java:197)
	at org.junit.jupiter.api.AssertEquals.assertEquals(AssertEquals.java:166)
	at org.junit.jupiter.api.AssertEquals.assertEquals(AssertEquals.java:161)
	at org.junit.jupiter.api.Assertions.assertEquals(Assertions.java:632)
	at com.example.retry.RetryPolicyTest.exponentialBackoffStartsAtBaseDelay(RetryPolicyTest.java:12)
	at java.base/java.lang.reflect.Method.invoke(Method.java:580)
	at java.base/java.util.ArrayList.forEach(ArrayList.java:1596)
	at java.base/java.util.ArrayList.forEach(ArrayList.java:1596)

